  Camera.cpp
  DirectionalLight.cpp
  Light.cpp
D:\proyectos VS\Visual Studio 2022\P5_correcta\practica05\practica05\practica05\DirectionalLight.cpp(18,14): warning C4244: 'argumento': conversión de 'GLfloat' a 'GLint'; posible pérdida de datos
D:\proyectos VS\Visual Studio 2022\P5_correcta\practica05\practica05\practica05\DirectionalLight.cpp(19,14): warning C4244: 'argumento': conversión de 'GLfloat' a 'GLint'; posible pérdida de datos
D:\proyectos VS\Visual Studio 2022\P5_correcta\practica05\practica05\practica05\DirectionalLight.cpp(21,14): warning C4244: 'argumento': conversión de 'GLfloat' a 'GLint'; posible pérdida de datos
D:\proyectos VS\Visual Studio 2022\P5_correcta\practica05\practica05\practica05\DirectionalLight.cpp(22,14): warning C4244: 'argumento': conversión de 'GLfloat' a 'GLint'; posible pérdida de datos
  Material.cpp
  Mesh_tn.cpp
  Model.cpp
D:\proyectos VS\Visual Studio 2022\P5_correcta\practica05\practica05\practica05\Model.cpp(16,10): warning C4477: 'printf' : la cadena de formato '%s' requiere un argumento de tipo 'char *', pero el argumento variádico 1 tiene el tipo 'const std::string'
D:\proyectos VS\Visual Studio 2022\P5_correcta\practica05\practica05\practica05\Model.cpp(16,80): warning C4474: "printf": se pasaron demasiados argumentos para la cadena de formato
      D:\proyectos VS\Visual Studio 2022\P5_correcta\practica05\practica05\practica05\Model.cpp(16,80):
      los marcadores de posición y sus parámetros esperan 1 argumentos variádicos, pero se proporcionaron 2
  
  PointLight.cpp
D:\proyectos VS\Visual Studio 2022\P5_correcta\practica05\practica05\practica05\PointLight.cpp(28,14): warning C4244: 'argumento': conversión de 'GLfloat' a 'GLint'; posible pérdida de datos
D:\proyectos VS\Visual Studio 2022\P5_correcta\practica05\practica05\practica05\PointLight.cpp(29,14): warning C4244: 'argumento': conversión de 'GLfloat' a 'GLint'; posible pérdida de datos
D:\proyectos VS\Visual Studio 2022\P5_correcta\practica05\practica05\practica05\PointLight.cpp(30,14): warning C4244: 'argumento': conversión de 'GLfloat' a 'GLint'; posible pérdida de datos
D:\proyectos VS\Visual Studio 2022\P5_correcta\practica05\practica05\practica05\PointLight.cpp(32,14): warning C4244: 'argumento': conversión de 'GLfloat' a 'GLint'; posible pérdida de datos
D:\proyectos VS\Visual Studio 2022\P5_correcta\practica05\practica05\practica05\PointLight.cpp(33,14): warning C4244: 'argumento': conversión de 'GLfloat' a 'GLint'; posible pérdida de datos
D:\proyectos VS\Visual Studio 2022\P5_correcta\practica05\practica05\practica05\PointLight.cpp(34,14): warning C4244: 'argumento': conversión de 'GLfloat' a 'GLint'; posible pérdida de datos
D:\proyectos VS\Visual Studio 2022\P5_correcta\practica05\practica05\practica05\PointLight.cpp(35,14): warning C4244: 'argumento': conversión de 'GLfloat' a 'GLint'; posible pérdida de datos
  practica5.cpp
D:\proyectos VS\Visual Studio 2022\P5_correcta\practica05\practica05\practica05\Window.h(12,36): warning C4244: 'return': conversión de 'GLint' a 'GLfloat'; posible pérdida de datos
  (compilando archivo de origen "practica5.cpp")
  
D:\proyectos VS\Visual Studio 2022\P5_correcta\practica05\practica05\practica05\Window.h(13,37): warning C4244: 'return': conversión de 'GLint' a 'GLfloat'; posible pérdida de datos
  (compilando archivo de origen "practica5.cpp")
  
D:\proyectos VS\Visual Studio 2022\P5_correcta\practica05\practica05\practica05\practica5.cpp(163,15): warning C4244: 'inicializando': conversión de 'double' a 'GLfloat'; posible pérdida de datos
D:\proyectos VS\Visual Studio 2022\P5_correcta\practica05\practica05\practica05\practica5.cpp(165,33): warning C4244: '+=': conversión de 'double' a 'GLfloat'; posible pérdida de datos
  Shader_m.cpp
  Skybox.cpp
  Sphere.cpp
D:\proyectos VS\Visual Studio 2022\P5_correcta\practica05\practica05\practica05\Sphere.cpp(39,13): warning C4244: 'inicializando': conversión de 'double' a 'float'; posible pérdida de datos
D:\proyectos VS\Visual Studio 2022\P5_correcta\practica05\practica05\practica05\Sphere.cpp(43,16): warning C4244: 'inicializando': conversión de 'double' a 'float'; posible pérdida de datos
  SpotLight.cpp
  Window.cpp
D:\proyectos VS\Visual Studio 2022\P5_correcta\practica05\practica05\practica05\Window.h(12,36): warning C4244: 'return': conversión de 'GLint' a 'GLfloat'; posible pérdida de datos
  (compilando archivo de origen "Window.cpp")
  
D:\proyectos VS\Visual Studio 2022\P5_correcta\practica05\practica05\practica05\Window.h(13,37): warning C4244: 'return': conversión de 'GLint' a 'GLfloat'; posible pérdida de datos
  (compilando archivo de origen "Window.cpp")
  
D:\proyectos VS\Visual Studio 2022\P5_correcta\practica05\practica05\practica05\Window.cpp(254,22): warning C4244: '=': conversión de 'double' a 'GLfloat'; posible pérdida de datos
D:\proyectos VS\Visual Studio 2022\P5_correcta\practica05\practica05\practica05\Window.cpp(255,22): warning C4244: '=': conversión de 'double' a 'GLfloat'; posible pérdida de datos
D:\proyectos VS\Visual Studio 2022\P5_correcta\practica05\practica05\practica05\Window.cpp(259,28): warning C4244: '=': conversión de 'double' a 'GLfloat'; posible pérdida de datos
D:\proyectos VS\Visual Studio 2022\P5_correcta\practica05\practica05\practica05\Window.cpp(260,40): warning C4244: '=': conversión de 'double' a 'GLfloat'; posible pérdida de datos
D:\proyectos VS\Visual Studio 2022\P5_correcta\practica05\practica05\practica05\Window.cpp(262,21): warning C4244: '=': conversión de 'double' a 'GLfloat'; posible pérdida de datos
D:\proyectos VS\Visual Studio 2022\P5_correcta\practica05\practica05\practica05\Window.cpp(263,21): warning C4244: '=': conversión de 'double' a 'GLfloat'; posible pérdida de datos
  Generando código
  Previous IPDB not found, fall back to full compilation.
D:\proyectos VS\Visual Studio 2022\P5_correcta\practica05\practica05\practica05\Window.cpp(85): warning C4715: 'Window::Initialise': no todas las rutas de acceso de control devuelven un valor
  All 766 functions were compiled because no usable IPDB/IOBJ from previous compilation was found.
  Generación de código finalizada
  practica05.vcxproj -> D:\proyectos VS\Visual Studio 2022\P5_correcta\practica05\practica05\Release\practica05.exe
