  Camera.cpp
  Mesh.cpp
  practica3.cpp
D:\proyectos VS\Visual Studio 2022\P3\practica3\practica3\Window.h(12,36): warning C4244: 'return': conversión de 'GLint' a 'GLfloat'; posible pérdida de datos
  (compilando archivo de origen "practica3.cpp")
  
D:\proyectos VS\Visual Studio 2022\P3\practica3\practica3\Window.h(13,37): warning C4244: 'return': conversión de 'GLint' a 'GLfloat'; posible pérdida de datos
  (compilando archivo de origen "practica3.cpp")
  
D:\proyectos VS\Visual Studio 2022\P3\practica3\practica3\practica3.cpp(27,36): warning C4305: 'inicializando': truncamiento de 'double' a 'float'
D:\proyectos VS\Visual Studio 2022\P3\practica3\practica3\practica3.cpp(229,16): warning C4018: '<': no coinciden signed/unsigned
D:\proyectos VS\Visual Studio 2022\P3\practica3\practica3\practica3.cpp(271,32): warning C4244: 'argumento': conversión de 'double' a '_Ty'; posible pérdida de datos
D:\proyectos VS\Visual Studio 2022\P3\practica3\practica3\practica3.cpp(271,32): warning C4244:         with
D:\proyectos VS\Visual Studio 2022\P3\practica3\practica3\practica3.cpp(271,32): warning C4244:         [
D:\proyectos VS\Visual Studio 2022\P3\practica3\practica3\practica3.cpp(271,32): warning C4244:             _Ty=GLfloat
D:\proyectos VS\Visual Studio 2022\P3\practica3\practica3\practica3.cpp(271,32): warning C4244:         ]
D:\proyectos VS\Visual Studio 2022\P3\practica3\practica3\practica3.cpp(273,32): warning C4244: 'argumento': conversión de 'double' a '_Ty'; posible pérdida de datos
D:\proyectos VS\Visual Studio 2022\P3\practica3\practica3\practica3.cpp(273,32): warning C4244:         with
D:\proyectos VS\Visual Studio 2022\P3\practica3\practica3\practica3.cpp(273,32): warning C4244:         [
D:\proyectos VS\Visual Studio 2022\P3\practica3\practica3\practica3.cpp(273,32): warning C4244:             _Ty=GLfloat
D:\proyectos VS\Visual Studio 2022\P3\practica3\practica3\practica3.cpp(273,32): warning C4244:         ]
D:\proyectos VS\Visual Studio 2022\P3\practica3\practica3\practica3.cpp(369,15): warning C4244: 'inicializando': conversión de 'double' a 'GLfloat'; posible pérdida de datos
D:\proyectos VS\Visual Studio 2022\P3\practica3\practica3\practica3.cpp(371,33): warning C4244: '+=': conversión de 'double' a 'GLfloat'; posible pérdida de datos
  Shader.cpp
  Sphere.cpp
D:\proyectos VS\Visual Studio 2022\P3\practica3\practica3\Sphere.cpp(39,13): warning C4244: 'inicializando': conversión de 'double' a 'float'; posible pérdida de datos
D:\proyectos VS\Visual Studio 2022\P3\practica3\practica3\Sphere.cpp(43,16): warning C4244: 'inicializando': conversión de 'double' a 'float'; posible pérdida de datos
  Window.cpp
D:\proyectos VS\Visual Studio 2022\P3\practica3\practica3\Window.h(12,36): warning C4244: 'return': conversión de 'GLint' a 'GLfloat'; posible pérdida de datos
  (compilando archivo de origen "Window.cpp")
  
D:\proyectos VS\Visual Studio 2022\P3\practica3\practica3\Window.h(13,37): warning C4244: 'return': conversión de 'GLint' a 'GLfloat'; posible pérdida de datos
  (compilando archivo de origen "Window.cpp")
  
D:\proyectos VS\Visual Studio 2022\P3\practica3\practica3\Window.cpp(149,22): warning C4244: '=': conversión de 'double' a 'GLfloat'; posible pérdida de datos
D:\proyectos VS\Visual Studio 2022\P3\practica3\practica3\Window.cpp(150,22): warning C4244: '=': conversión de 'double' a 'GLfloat'; posible pérdida de datos
D:\proyectos VS\Visual Studio 2022\P3\practica3\practica3\Window.cpp(154,28): warning C4244: '=': conversión de 'double' a 'GLfloat'; posible pérdida de datos
D:\proyectos VS\Visual Studio 2022\P3\practica3\practica3\Window.cpp(155,40): warning C4244: '=': conversión de 'double' a 'GLfloat'; posible pérdida de datos
D:\proyectos VS\Visual Studio 2022\P3\practica3\practica3\Window.cpp(157,21): warning C4244: '=': conversión de 'double' a 'GLfloat'; posible pérdida de datos
D:\proyectos VS\Visual Studio 2022\P3\practica3\practica3\Window.cpp(158,21): warning C4244: '=': conversión de 'double' a 'GLfloat'; posible pérdida de datos
  Generando código
  Previous IPDB not found, fall back to full compilation.
D:\proyectos VS\Visual Studio 2022\P3\practica3\practica3\Window.cpp(77): warning C4715: 'Window::Initialise': no todas las rutas de acceso de control devuelven un valor
  All 672 functions were compiled because no usable IPDB/IOBJ from previous compilation was found.
  Generación de código finalizada
  practica3.vcxproj -> D:\proyectos VS\Visual Studio 2022\P3\practica3\Release\practica3.exe
